<?xml version="1.0" encoding="UTF-8"?>
<testng-results total="2" passed="2" failed="0" skipped="0">
  <reporter-output>
  </reporter-output>
  <suite started-at="2022-01-20T09:46:22Z" name="Default suite" finished-at="2022-01-20T09:46:28Z" duration-ms="6103">
    <groups>
    </groups>
    <test started-at="2022-01-20T09:46:22Z" name="Default test" finished-at="2022-01-20T09:46:28Z" duration-ms="6103">
      <class name="get_mail.get_mail.ExtentReportsTest">
        <test-method is-config="true" signature="startReport()[pri:0, instance:get_mail.get_mail.ExtentReportsTest@1e1a0406]" started-at="2022-01-20T11:46:22Z" name="startReport" finished-at="2022-01-20T11:46:22Z" duration-ms="165" status="PASS">
          <reporter-output>
          </reporter-output>
        </test-method> <!-- startReport -->
        <test-method is-config="true" signature="init()[pri:0, instance:get_mail.get_mail.ExtentReportsTest@1e1a0406]" started-at="2022-01-20T11:46:22Z" name="init" finished-at="2022-01-20T11:46:22Z" duration-ms="4" status="PASS">
          <reporter-output>
          </reporter-output>
        </test-method> <!-- init -->
        <test-method signature="AssertMailFrom()[pri:0, instance:get_mail.get_mail.ExtentReportsTest@1e1a0406]" started-at="2022-01-20T11:46:22Z" name="AssertMailFrom" finished-at="2022-01-20T11:46:25Z" duration-ms="2946" status="PASS">
          <reporter-output>
          </reporter-output>
        </test-method> <!-- AssertMailFrom -->
        <test-method is-config="true" signature="getResult(org.testng.ITestResult)[pri:0, instance:get_mail.get_mail.ExtentReportsTest@1e1a0406]" started-at="2022-01-20T11:46:25Z" name="getResult" finished-at="2022-01-20T11:46:25Z" duration-ms="4" status="PASS">
          <params>
            <param index="0">
              <value>
                <![CDATA[[TestResult name=AssertMailFrom status=SUCCESS method=ExtentReportsTest.AssertMailFrom()[pri:0, instance:get_mail.get_mail.ExtentReportsTest@1e1a0406] output={null}]]]>
              </value>
            </param>
          </params>
          <reporter-output>
          </reporter-output>
        </test-method> <!-- getResult -->
        <test-method signature="AssertSubjectMail()[pri:0, instance:get_mail.get_mail.ExtentReportsTest@1e1a0406]" started-at="2022-01-20T11:46:25Z" name="AssertSubjectMail" finished-at="2022-01-20T11:46:27Z" duration-ms="2624" status="PASS">
          <reporter-output>
          </reporter-output>
        </test-method> <!-- AssertSubjectMail -->
        <test-method is-config="true" signature="getResult(org.testng.ITestResult)[pri:0, instance:get_mail.get_mail.ExtentReportsTest@1e1a0406]" started-at="2022-01-20T11:46:27Z" name="getResult" finished-at="2022-01-20T11:46:27Z" duration-ms="0" status="PASS">
          <params>
            <param index="0">
              <value>
                <![CDATA[[TestResult name=AssertSubjectMail status=SUCCESS method=ExtentReportsTest.AssertSubjectMail()[pri:0, instance:get_mail.get_mail.ExtentReportsTest@1e1a0406] output={null}]]]>
              </value>
            </param>
          </params>
          <reporter-output>
          </reporter-output>
        </test-method> <!-- getResult -->
        <test-method is-config="true" signature="endReport()[pri:0, instance:get_mail.get_mail.ExtentReportsTest@1e1a0406]" started-at="2022-01-20T11:46:27Z" name="endReport" finished-at="2022-01-20T11:46:28Z" duration-ms="331" status="PASS">
          <reporter-output>
          </reporter-output>
        </test-method> <!-- endReport -->
      </class> <!-- get_mail.get_mail.ExtentReportsTest -->
    </test> <!-- Default test -->
  </suite> <!-- Default suite -->
</testng-results>
